

Started GET "/" for 127.0.0.1 at 2014-11-29 21:25:09 -0500

ActiveRecord::PendingMigrationError (

Migrations are pending. To resolve this issue, run:

	bin/rake db:migrate RAILS_ENV=development

):
  activerecord (4.1.8) lib/active_record/migration.rb:389:in `check_pending!'
  activerecord (4.1.8) lib/active_record/migration.rb:377:in `call'
  actionpack (4.1.8) lib/action_dispatch/middleware/callbacks.rb:29:in `block in call'
  activesupport (4.1.8) lib/active_support/callbacks.rb:82:in `run_callbacks'
  actionpack (4.1.8) lib/action_dispatch/middleware/callbacks.rb:27:in `call'
  actionpack (4.1.8) lib/action_dispatch/middleware/reloader.rb:73:in `call'
  actionpack (4.1.8) lib/action_dispatch/middleware/remote_ip.rb:76:in `call'
  actionpack (4.1.8) lib/action_dispatch/middleware/debug_exceptions.rb:17:in `call'
  actionpack (4.1.8) lib/action_dispatch/middleware/show_exceptions.rb:30:in `call'
  railties (4.1.8) lib/rails/rack/logger.rb:38:in `call_app'
  railties (4.1.8) lib/rails/rack/logger.rb:20:in `block in call'
  activesupport (4.1.8) lib/active_support/tagged_logging.rb:68:in `block in tagged'
  activesupport (4.1.8) lib/active_support/tagged_logging.rb:26:in `tagged'
  activesupport (4.1.8) lib/active_support/tagged_logging.rb:68:in `tagged'
  railties (4.1.8) lib/rails/rack/logger.rb:20:in `call'
  actionpack (4.1.8) lib/action_dispatch/middleware/request_id.rb:21:in `call'
  rack (1.5.2) lib/rack/methodoverride.rb:21:in `call'
  rack (1.5.2) lib/rack/runtime.rb:17:in `call'
  activesupport (4.1.8) lib/active_support/cache/strategy/local_cache_middleware.rb:26:in `call'
  rack (1.5.2) lib/rack/lock.rb:17:in `call'
  actionpack (4.1.8) lib/action_dispatch/middleware/static.rb:84:in `call'
  rack (1.5.2) lib/rack/sendfile.rb:112:in `call'
  railties (4.1.8) lib/rails/engine.rb:514:in `call'
  railties (4.1.8) lib/rails/application.rb:144:in `call'
  rack (1.5.2) lib/rack/lock.rb:17:in `call'
  rack (1.5.2) lib/rack/content_length.rb:14:in `call'
  rack (1.5.2) lib/rack/handler/webrick.rb:60:in `service'
  /Users/RajatBhageria/.rbenv/versions/2.1.3/lib/ruby/2.1.0/webrick/httpserver.rb:138:in `service'
  /Users/RajatBhageria/.rbenv/versions/2.1.3/lib/ruby/2.1.0/webrick/httpserver.rb:94:in `run'
  /Users/RajatBhageria/.rbenv/versions/2.1.3/lib/ruby/2.1.0/webrick/server.rb:295:in `block in start_thread'


  Rendered /Users/RajatBhageria/.rbenv/versions/2.1.3/lib/ruby/gems/2.1.0/gems/actionpack-4.1.8/lib/action_dispatch/middleware/templates/rescues/_source.erb (0.9ms)
  Rendered /Users/RajatBhageria/.rbenv/versions/2.1.3/lib/ruby/gems/2.1.0/gems/actionpack-4.1.8/lib/action_dispatch/middleware/templates/rescues/_trace.html.erb (1.5ms)
  Rendered /Users/RajatBhageria/.rbenv/versions/2.1.3/lib/ruby/gems/2.1.0/gems/actionpack-4.1.8/lib/action_dispatch/middleware/templates/rescues/_request_and_response.html.erb (1.0ms)
  Rendered /Users/RajatBhageria/.rbenv/versions/2.1.3/lib/ruby/gems/2.1.0/gems/actionpack-4.1.8/lib/action_dispatch/middleware/templates/rescues/diagnostics.erb within rescues/layout (22.3ms)


Started GET "/" for 127.0.0.1 at 2014-11-29 21:25:09 -0500

ActiveRecord::PendingMigrationError (

Migrations are pending. To resolve this issue, run:

	bin/rake db:migrate RAILS_ENV=development

):
  activerecord (4.1.8) lib/active_record/migration.rb:389:in `check_pending!'
  activerecord (4.1.8) lib/active_record/migration.rb:377:in `call'
  actionpack (4.1.8) lib/action_dispatch/middleware/callbacks.rb:29:in `block in call'
  activesupport (4.1.8) lib/active_support/callbacks.rb:82:in `run_callbacks'
  actionpack (4.1.8) lib/action_dispatch/middleware/callbacks.rb:27:in `call'
  actionpack (4.1.8) lib/action_dispatch/middleware/reloader.rb:73:in `call'
  actionpack (4.1.8) lib/action_dispatch/middleware/remote_ip.rb:76:in `call'
  actionpack (4.1.8) lib/action_dispatch/middleware/debug_exceptions.rb:17:in `call'
  actionpack (4.1.8) lib/action_dispatch/middleware/show_exceptions.rb:30:in `call'
  railties (4.1.8) lib/rails/rack/logger.rb:38:in `call_app'
  railties (4.1.8) lib/rails/rack/logger.rb:20:in `block in call'
  activesupport (4.1.8) lib/active_support/tagged_logging.rb:68:in `block in tagged'
  activesupport (4.1.8) lib/active_support/tagged_logging.rb:26:in `tagged'
  activesupport (4.1.8) lib/active_support/tagged_logging.rb:68:in `tagged'
  railties (4.1.8) lib/rails/rack/logger.rb:20:in `call'
  actionpack (4.1.8) lib/action_dispatch/middleware/request_id.rb:21:in `call'
  rack (1.5.2) lib/rack/methodoverride.rb:21:in `call'
  rack (1.5.2) lib/rack/runtime.rb:17:in `call'
  activesupport (4.1.8) lib/active_support/cache/strategy/local_cache_middleware.rb:26:in `call'
  rack (1.5.2) lib/rack/lock.rb:17:in `call'
  actionpack (4.1.8) lib/action_dispatch/middleware/static.rb:84:in `call'
  rack (1.5.2) lib/rack/sendfile.rb:112:in `call'
  railties (4.1.8) lib/rails/engine.rb:514:in `call'
  railties (4.1.8) lib/rails/application.rb:144:in `call'
  rack (1.5.2) lib/rack/lock.rb:17:in `call'
  rack (1.5.2) lib/rack/content_length.rb:14:in `call'
  rack (1.5.2) lib/rack/handler/webrick.rb:60:in `service'
  /Users/RajatBhageria/.rbenv/versions/2.1.3/lib/ruby/2.1.0/webrick/httpserver.rb:138:in `service'
  /Users/RajatBhageria/.rbenv/versions/2.1.3/lib/ruby/2.1.0/webrick/httpserver.rb:94:in `run'
  /Users/RajatBhageria/.rbenv/versions/2.1.3/lib/ruby/2.1.0/webrick/server.rb:295:in `block in start_thread'


  Rendered /Users/RajatBhageria/.rbenv/versions/2.1.3/lib/ruby/gems/2.1.0/gems/actionpack-4.1.8/lib/action_dispatch/middleware/templates/rescues/_source.erb (0.7ms)
  Rendered /Users/RajatBhageria/.rbenv/versions/2.1.3/lib/ruby/gems/2.1.0/gems/actionpack-4.1.8/lib/action_dispatch/middleware/templates/rescues/_trace.html.erb (1.3ms)
  Rendered /Users/RajatBhageria/.rbenv/versions/2.1.3/lib/ruby/gems/2.1.0/gems/actionpack-4.1.8/lib/action_dispatch/middleware/templates/rescues/_request_and_response.html.erb (2.1ms)
  Rendered /Users/RajatBhageria/.rbenv/versions/2.1.3/lib/ruby/gems/2.1.0/gems/actionpack-4.1.8/lib/action_dispatch/middleware/templates/rescues/diagnostics.erb within rescues/layout (18.4ms)
  [1m[36m (1.2ms)[0m  [1mCREATE TABLE "schema_migrations" ("version" varchar(255) NOT NULL) [0m
  [1m[35m (0.1ms)[0m  select sqlite_version(*)
  [1m[36m (1.1ms)[0m  [1mCREATE UNIQUE INDEX "unique_schema_migrations" ON "schema_migrations" ("version")[0m
  [1m[35mActiveRecord::SchemaMigration Load (0.1ms)[0m  SELECT "schema_migrations".* FROM "schema_migrations"
Migrating to CreateStatuses (20141129215827)
  [1m[36m (0.1ms)[0m  [1mbegin transaction[0m
  [1m[35m (0.4ms)[0m  CREATE TABLE "statuses" ("id" INTEGER PRIMARY KEY AUTOINCREMENT NOT NULL, "name" varchar(255), "content" text, "created_at" datetime, "updated_at" datetime) 
  [1m[36mSQL (0.2ms)[0m  [1mINSERT INTO "schema_migrations" ("version") VALUES (?)[0m  [["version", "20141129215827"]]
  [1m[35m (0.9ms)[0m  commit transaction
Migrating to DeviseCreateUsers (20141129232335)
  [1m[36m (0.0ms)[0m  [1mbegin transaction[0m
  [1m[35m (0.4ms)[0m  CREATE TABLE "users" ("id" INTEGER PRIMARY KEY AUTOINCREMENT NOT NULL, "first_name" varchar(255), "last_name" varchar(255), "profile_name" varchar(255), "email" varchar(255) DEFAULT '' NOT NULL, "encrypted_password" varchar(255) DEFAULT '' NOT NULL, "reset_password_token" varchar(255), "reset_password_sent_at" datetime, "remember_created_at" datetime, "sign_in_count" integer DEFAULT 0 NOT NULL, "current_sign_in_at" datetime, "last_sign_in_at" datetime, "current_sign_in_ip" varchar(255), "last_sign_in_ip" varchar(255), "created_at" datetime, "updated_at" datetime) 
  [1m[36m (1.0ms)[0m  [1mCREATE UNIQUE INDEX "index_users_on_email" ON "users" ("email")[0m
  [1m[35m (0.1ms)[0m              SELECT sql
            FROM sqlite_master
            WHERE name='index_users_on_email' AND type='index'
            UNION ALL
            SELECT sql
            FROM sqlite_temp_master
            WHERE name='index_users_on_email' AND type='index'

  [1m[36m (0.1ms)[0m  [1mCREATE UNIQUE INDEX "index_users_on_reset_password_token" ON "users" ("reset_password_token")[0m
  [1m[35mSQL (0.1ms)[0m  INSERT INTO "schema_migrations" ("version") VALUES (?)  [["version", "20141129232335"]]
  [1m[36m (1.0ms)[0m  [1mcommit transaction[0m
Migrating to AddUserIdToStatuses (20141129234345)
  [1m[36mActiveRecord::SchemaMigration Load (0.1ms)[0m  [1mSELECT "schema_migrations".* FROM "schema_migrations"[0m
Migrating to AddUserIdToStatuses (20141129234345)
  [1m[35m (0.1ms)[0m  begin transaction
  [1m[36m (0.5ms)[0m  [1mALTER TABLE "statuses" ADD "user_id" integer[0m
  [1m[35m (0.1ms)[0m  select sqlite_version(*)
  [1m[36m (0.2ms)[0m  [1mCREATE  INDEX "index_statuses_on_user_id" ON "statuses" ("user_id")[0m
  [1m[35m (1.4ms)[0m  CREATE TEMPORARY TABLE "astatuses" ("id" INTEGER PRIMARY KEY AUTOINCREMENT NOT NULL, "name" varchar(255), "content" text, "created_at" datetime, "updated_at" datetime, "user_id" integer) 
  [1m[36m (0.1ms)[0m  [1m            SELECT sql
            FROM sqlite_master
            WHERE name='index_statuses_on_user_id' AND type='index'
            UNION ALL
            SELECT sql
            FROM sqlite_temp_master
            WHERE name='index_statuses_on_user_id' AND type='index'
[0m
  [1m[35m (0.1ms)[0m  CREATE  INDEX "tindex_astatuses_on_user_id" ON "astatuses" ("user_id")
  [1m[36m (0.1ms)[0m  [1mSELECT * FROM "statuses"[0m
  [1m[35m (0.4ms)[0m  DROP TABLE "statuses"
  [1m[36m (0.1ms)[0m  [1mCREATE TABLE "statuses" ("id" INTEGER PRIMARY KEY AUTOINCREMENT NOT NULL, "content" text, "created_at" datetime, "updated_at" datetime, "user_id" integer) [0m
  [1m[35m (0.1ms)[0m              SELECT sql
            FROM sqlite_master
            WHERE name='tindex_astatuses_on_user_id' AND type='index'
            UNION ALL
            SELECT sql
            FROM sqlite_temp_master
            WHERE name='tindex_astatuses_on_user_id' AND type='index'

  [1m[36m (0.1ms)[0m  [1mCREATE  INDEX "index_statuses_on_user_id" ON "statuses" ("user_id")[0m
  [1m[35m (0.1ms)[0m  SELECT * FROM "astatuses"
  [1m[36m (0.4ms)[0m  [1mDROP TABLE "astatuses"[0m
  [1m[35mSQL (0.2ms)[0m  INSERT INTO "schema_migrations" ("version") VALUES (?)  [["version", "20141129234345"]]
  [1m[36m (3.0ms)[0m  [1mcommit transaction[0m
  [1m[35mActiveRecord::SchemaMigration Load (0.1ms)[0m  SELECT "schema_migrations".* FROM "schema_migrations"
  [1m[36m (0.1ms)[0m  [1m            SELECT sql
            FROM sqlite_master
            WHERE name='index_statuses_on_user_id' AND type='index'
            UNION ALL
            SELECT sql
            FROM sqlite_temp_master
            WHERE name='index_statuses_on_user_id' AND type='index'
[0m
  [1m[35m (0.1ms)[0m              SELECT sql
            FROM sqlite_master
            WHERE name='index_users_on_reset_password_token' AND type='index'
            UNION ALL
            SELECT sql
            FROM sqlite_temp_master
            WHERE name='index_users_on_reset_password_token' AND type='index'

  [1m[36m (0.1ms)[0m  [1m            SELECT sql
            FROM sqlite_master
            WHERE name='index_users_on_email' AND type='index'
            UNION ALL
            SELECT sql
            FROM sqlite_temp_master
            WHERE name='index_users_on_email' AND type='index'
[0m


Started GET "/" for 127.0.0.1 at 2014-11-29 21:28:22 -0500
  [1m[36mActiveRecord::SchemaMigration Load (0.2ms)[0m  [1mSELECT "schema_migrations".* FROM "schema_migrations"[0m
Processing by StatusesController#index as HTML
  [1m[35mStatus Load (0.4ms)[0m  SELECT "statuses".* FROM "statuses"
  Rendered statuses/index.html.erb within layouts/application (5.2ms)
Completed 200 OK in 590ms (Views: 580.4ms | ActiveRecord: 0.4ms)


Started GET "/assets/bootstrap-theme.css?body=1" for 127.0.0.1 at 2014-11-29 21:28:23 -0500


Started GET "/stylesheets/bootstrap-theme.css.map.css" for 127.0.0.1 at 2014-11-29 21:28:23 -0500

ActionController::RoutingError (No route matches [GET] "/stylesheets/bootstrap-theme.css.map.css"):
  actionpack (4.1.8) lib/action_dispatch/middleware/debug_exceptions.rb:21:in `call'
  actionpack (4.1.8) lib/action_dispatch/middleware/show_exceptions.rb:30:in `call'
  railties (4.1.8) lib/rails/rack/logger.rb:38:in `call_app'
  railties (4.1.8) lib/rails/rack/logger.rb:20:in `block in call'
  activesupport (4.1.8) lib/active_support/tagged_logging.rb:68:in `block in tagged'
  activesupport (4.1.8) lib/active_support/tagged_logging.rb:26:in `tagged'
  activesupport (4.1.8) lib/active_support/tagged_logging.rb:68:in `tagged'
  railties (4.1.8) lib/rails/rack/logger.rb:20:in `call'
  actionpack (4.1.8) lib/action_dispatch/middleware/request_id.rb:21:in `call'
  rack (1.5.2) lib/rack/methodoverride.rb:21:in `call'
  rack (1.5.2) lib/rack/runtime.rb:17:in `call'
  activesupport (4.1.8) lib/active_support/cache/strategy/local_cache_middleware.rb:26:in `call'
  rack (1.5.2) lib/rack/lock.rb:17:in `call'
  actionpack (4.1.8) lib/action_dispatch/middleware/static.rb:84:in `call'
  rack (1.5.2) lib/rack/sendfile.rb:112:in `call'
  railties (4.1.8) lib/rails/engine.rb:514:in `call'
  railties (4.1.8) lib/rails/application.rb:144:in `call'
  rack (1.5.2) lib/rack/lock.rb:17:in `call'
  rack (1.5.2) lib/rack/content_length.rb:14:in `call'
  rack (1.5.2) lib/rack/handler/webrick.rb:60:in `service'
  /Users/RajatBhageria/.rbenv/versions/2.1.3/lib/ruby/2.1.0/webrick/httpserver.rb:138:in `service'
  /Users/RajatBhageria/.rbenv/versions/2.1.3/lib/ruby/2.1.0/webrick/httpserver.rb:94:in `run'
  /Users/RajatBhageria/.rbenv/versions/2.1.3/lib/ruby/2.1.0/webrick/server.rb:295:in `block in start_thread'


  Rendered /Users/RajatBhageria/.rbenv/versions/2.1.3/lib/ruby/gems/2.1.0/gems/actionpack-4.1.8/lib/action_dispatch/middleware/templates/rescues/_trace.html.erb (1.3ms)
  Rendered /Users/RajatBhageria/.rbenv/versions/2.1.3/lib/ruby/gems/2.1.0/gems/actionpack-4.1.8/lib/action_dispatch/middleware/templates/routes/_route.html.erb (3.3ms)
  Rendered /Users/RajatBhageria/.rbenv/versions/2.1.3/lib/ruby/gems/2.1.0/gems/actionpack-4.1.8/lib/action_dispatch/middleware/templates/routes/_table.html.erb (9.6ms)
  Rendered /Users/RajatBhageria/.rbenv/versions/2.1.3/lib/ruby/gems/2.1.0/gems/actionpack-4.1.8/lib/action_dispatch/middleware/templates/rescues/routing_error.html.erb within rescues/layout (46.3ms)


Started GET "/assets/statuses.css?body=1" for 127.0.0.1 at 2014-11-29 21:28:23 -0500


Started GET "/assets/bootstrap.css?body=1" for 127.0.0.1 at 2014-11-29 21:28:23 -0500


Started GET "/assets/application.css?body=1" for 127.0.0.1 at 2014-11-29 21:28:23 -0500


Started GET "/stylesheets/bootstrap.css.map.css" for 127.0.0.1 at 2014-11-29 21:28:23 -0500

ActionController::RoutingError (No route matches [GET] "/stylesheets/bootstrap.css.map.css"):
  actionpack (4.1.8) lib/action_dispatch/middleware/debug_exceptions.rb:21:in `call'
  actionpack (4.1.8) lib/action_dispatch/middleware/show_exceptions.rb:30:in `call'
  railties (4.1.8) lib/rails/rack/logger.rb:38:in `call_app'
  railties (4.1.8) lib/rails/rack/logger.rb:20:in `block in call'
  activesupport (4.1.8) lib/active_support/tagged_logging.rb:68:in `block in tagged'
  activesupport (4.1.8) lib/active_support/tagged_logging.rb:26:in `tagged'
  activesupport (4.1.8) lib/active_support/tagged_logging.rb:68:in `tagged'
  railties (4.1.8) lib/rails/rack/logger.rb:20:in `call'
  actionpack (4.1.8) lib/action_dispatch/middleware/request_id.rb:21:in `call'
  rack (1.5.2) lib/rack/methodoverride.rb:21:in `call'
  rack (1.5.2) lib/rack/runtime.rb:17:in `call'
  activesupport (4.1.8) lib/active_support/cache/strategy/local_cache_middleware.rb:26:in `call'
  rack (1.5.2) lib/rack/lock.rb:17:in `call'
  actionpack (4.1.8) lib/action_dispatch/middleware/static.rb:84:in `call'
  rack (1.5.2) lib/rack/sendfile.rb:112:in `call'
  railties (4.1.8) lib/rails/engine.rb:514:in `call'
  railties (4.1.8) lib/rails/application.rb:144:in `call'
  rack (1.5.2) lib/rack/lock.rb:17:in `call'
  rack (1.5.2) lib/rack/content_length.rb:14:in `call'
  rack (1.5.2) lib/rack/handler/webrick.rb:60:in `service'
  /Users/RajatBhageria/.rbenv/versions/2.1.3/lib/ruby/2.1.0/webrick/httpserver.rb:138:in `service'
  /Users/RajatBhageria/.rbenv/versions/2.1.3/lib/ruby/2.1.0/webrick/httpserver.rb:94:in `run'
  /Users/RajatBhageria/.rbenv/versions/2.1.3/lib/ruby/2.1.0/webrick/server.rb:295:in `block in start_thread'


  Rendered /Users/RajatBhageria/.rbenv/versions/2.1.3/lib/ruby/gems/2.1.0/gems/actionpack-4.1.8/lib/action_dispatch/middleware/templates/rescues/_trace.html.erb (1.0ms)
  Rendered /Users/RajatBhageria/.rbenv/versions/2.1.3/lib/ruby/gems/2.1.0/gems/actionpack-4.1.8/lib/action_dispatch/middleware/templates/routes/_route.html.erb (3.4ms)
  Rendered /Users/RajatBhageria/.rbenv/versions/2.1.3/lib/ruby/gems/2.1.0/gems/actionpack-4.1.8/lib/action_dispatch/middleware/templates/routes/_table.html.erb (1.1ms)
  Rendered /Users/RajatBhageria/.rbenv/versions/2.1.3/lib/ruby/gems/2.1.0/gems/actionpack-4.1.8/lib/action_dispatch/middleware/templates/rescues/routing_error.html.erb within rescues/layout (24.4ms)


Started GET "/assets/scaffolds.css?body=1" for 127.0.0.1 at 2014-11-29 21:28:23 -0500


Started GET "/assets/jquery.js?body=1" for 127.0.0.1 at 2014-11-29 21:28:23 -0500


Started GET "/assets/jquery_ujs.js?body=1" for 127.0.0.1 at 2014-11-29 21:28:23 -0500


Started GET "/assets/turbolinks.js?body=1" for 127.0.0.1 at 2014-11-29 21:28:23 -0500


Started GET "/assets/bootstrap.js?body=1" for 127.0.0.1 at 2014-11-29 21:28:23 -0500


Started GET "/assets/statuses.js?body=1" for 127.0.0.1 at 2014-11-29 21:28:23 -0500


Started GET "/assets/application.js?body=1" for 127.0.0.1 at 2014-11-29 21:28:23 -0500


Started GET "/statuses/new" for 127.0.0.1 at 2014-11-29 21:28:27 -0500
Processing by StatusesController#new as HTML
  Rendered statuses/_form.html.erb (24.0ms)
  Rendered statuses/new.html.erb within layouts/application (25.3ms)
Completed 500 Internal Server Error in 29ms

ActionView::Template::Error (undefined method `name' for #<Status:0x007f807a929c38>):
    13: 
    14:   <div class="field">
    15:     <%= f.label :name %><br>
    16:     <%= f.text_field :name %>
    17:   </div>
    18:   <div class="field">
    19:     <%= f.label :content %><br>
  app/views/statuses/_form.html.erb:16:in `block in _app_views_statuses__form_html_erb___1496596756183464630_70094894448880'
  app/views/statuses/_form.html.erb:1:in `_app_views_statuses__form_html_erb___1496596756183464630_70094894448880'
  app/views/statuses/new.html.erb:3:in `_app_views_statuses_new_html_erb__755576979003478358_70094894472260'


  Rendered /Users/RajatBhageria/.rbenv/versions/2.1.3/lib/ruby/gems/2.1.0/gems/actionpack-4.1.8/lib/action_dispatch/middleware/templates/rescues/_trace.html.erb (1.6ms)
  Rendered /Users/RajatBhageria/.rbenv/versions/2.1.3/lib/ruby/gems/2.1.0/gems/actionpack-4.1.8/lib/action_dispatch/middleware/templates/rescues/_request_and_response.html.erb (0.8ms)
  Rendered /Users/RajatBhageria/.rbenv/versions/2.1.3/lib/ruby/gems/2.1.0/gems/actionpack-4.1.8/lib/action_dispatch/middleware/templates/rescues/template_error.html.erb within rescues/layout (14.6ms)


Started GET "/statuses/new" for 127.0.0.1 at 2014-11-29 21:28:27 -0500
Processing by StatusesController#new as HTML
  Rendered statuses/_form.html.erb (2.6ms)
  Rendered statuses/new.html.erb within layouts/application (3.6ms)
Completed 500 Internal Server Error in 6ms

ActionView::Template::Error (undefined method `name' for #<Status:0x007f807791be38>):
    13: 
    14:   <div class="field">
    15:     <%= f.label :name %><br>
    16:     <%= f.text_field :name %>
    17:   </div>
    18:   <div class="field">
    19:     <%= f.label :content %><br>
  app/views/statuses/_form.html.erb:16:in `block in _app_views_statuses__form_html_erb___1496596756183464630_70094869239360'
  app/views/statuses/_form.html.erb:1:in `_app_views_statuses__form_html_erb___1496596756183464630_70094869239360'
  app/views/statuses/new.html.erb:3:in `_app_views_statuses_new_html_erb__755576979003478358_70094869285560'


  Rendered /Users/RajatBhageria/.rbenv/versions/2.1.3/lib/ruby/gems/2.1.0/gems/actionpack-4.1.8/lib/action_dispatch/middleware/templates/rescues/_trace.html.erb (1.3ms)
  Rendered /Users/RajatBhageria/.rbenv/versions/2.1.3/lib/ruby/gems/2.1.0/gems/actionpack-4.1.8/lib/action_dispatch/middleware/templates/rescues/_request_and_response.html.erb (0.8ms)
  Rendered /Users/RajatBhageria/.rbenv/versions/2.1.3/lib/ruby/gems/2.1.0/gems/actionpack-4.1.8/lib/action_dispatch/middleware/templates/rescues/template_error.html.erb within rescues/layout (11.4ms)


Started GET "/statuses/new" for 127.0.0.1 at 2014-11-29 21:28:33 -0500
Processing by StatusesController#new as HTML
  Rendered statuses/_form.html.erb (1.6ms)
  Rendered statuses/new.html.erb within layouts/application (2.4ms)
Completed 500 Internal Server Error in 5ms

ActionView::Template::Error (undefined method `name' for #<Status:0x007f8075cc6c10>):
    13: 
    14:   <div class="field">
    15:     <%= f.label :name %><br>
    16:     <%= f.text_field :name %>
    17:   </div>
    18:   <div class="field">
    19:     <%= f.label :content %><br>
  app/views/statuses/_form.html.erb:16:in `block in _app_views_statuses__form_html_erb___1496596756183464630_70094894448880'
  app/views/statuses/_form.html.erb:1:in `_app_views_statuses__form_html_erb___1496596756183464630_70094894448880'
  app/views/statuses/new.html.erb:3:in `_app_views_statuses_new_html_erb__755576979003478358_70094894472260'


  Rendered /Users/RajatBhageria/.rbenv/versions/2.1.3/lib/ruby/gems/2.1.0/gems/actionpack-4.1.8/lib/action_dispatch/middleware/templates/rescues/_trace.html.erb (1.2ms)
  Rendered /Users/RajatBhageria/.rbenv/versions/2.1.3/lib/ruby/gems/2.1.0/gems/actionpack-4.1.8/lib/action_dispatch/middleware/templates/rescues/_request_and_response.html.erb (0.8ms)
  Rendered /Users/RajatBhageria/.rbenv/versions/2.1.3/lib/ruby/gems/2.1.0/gems/actionpack-4.1.8/lib/action_dispatch/middleware/templates/rescues/template_error.html.erb within rescues/layout (10.6ms)


Started GET "/statuses/new" for 127.0.0.1 at 2014-11-29 21:28:33 -0500
Processing by StatusesController#new as HTML
  Rendered statuses/_form.html.erb (2.4ms)
  Rendered statuses/new.html.erb within layouts/application (3.2ms)
Completed 500 Internal Server Error in 6ms

ActionView::Template::Error (undefined method `name' for #<Status:0x007f807542a8e0>):
    13: 
    14:   <div class="field">
    15:     <%= f.label :name %><br>
    16:     <%= f.text_field :name %>
    17:   </div>
    18:   <div class="field">
    19:     <%= f.label :content %><br>
  app/views/statuses/_form.html.erb:16:in `block in _app_views_statuses__form_html_erb___1496596756183464630_70094869239360'
  app/views/statuses/_form.html.erb:1:in `_app_views_statuses__form_html_erb___1496596756183464630_70094869239360'
  app/views/statuses/new.html.erb:3:in `_app_views_statuses_new_html_erb__755576979003478358_70094869285560'


  Rendered /Users/RajatBhageria/.rbenv/versions/2.1.3/lib/ruby/gems/2.1.0/gems/actionpack-4.1.8/lib/action_dispatch/middleware/templates/rescues/_trace.html.erb (1.3ms)
  Rendered /Users/RajatBhageria/.rbenv/versions/2.1.3/lib/ruby/gems/2.1.0/gems/actionpack-4.1.8/lib/action_dispatch/middleware/templates/rescues/_request_and_response.html.erb (1.2ms)
  Rendered /Users/RajatBhageria/.rbenv/versions/2.1.3/lib/ruby/gems/2.1.0/gems/actionpack-4.1.8/lib/action_dispatch/middleware/templates/rescues/template_error.html.erb within rescues/layout (11.9ms)
  [1m[36mActiveRecord::SchemaMigration Load (0.1ms)[0m  [1mSELECT "schema_migrations".* FROM "schema_migrations"[0m
  [1m[35mActiveRecord::SchemaMigration Load (0.1ms)[0m  SELECT "schema_migrations".* FROM "schema_migrations"
  [1m[36m (0.1ms)[0m  [1m            SELECT sql
            FROM sqlite_master
            WHERE name='index_statuses_on_user_id' AND type='index'
            UNION ALL
            SELECT sql
            FROM sqlite_temp_master
            WHERE name='index_statuses_on_user_id' AND type='index'
[0m
  [1m[35m (0.1ms)[0m              SELECT sql
            FROM sqlite_master
            WHERE name='index_users_on_reset_password_token' AND type='index'
            UNION ALL
            SELECT sql
            FROM sqlite_temp_master
            WHERE name='index_users_on_reset_password_token' AND type='index'

  [1m[36m (0.1ms)[0m  [1m            SELECT sql
            FROM sqlite_master
            WHERE name='index_users_on_email' AND type='index'
            UNION ALL
            SELECT sql
            FROM sqlite_temp_master
            WHERE name='index_users_on_email' AND type='index'
[0m


Started GET "/statuses/new" for 127.0.0.1 at 2014-11-29 21:31:17 -0500
  [1m[36mActiveRecord::SchemaMigration Load (0.1ms)[0m  [1mSELECT "schema_migrations".* FROM "schema_migrations"[0m
Processing by StatusesController#new as HTML
  Rendered statuses/_form.html.erb (22.9ms)
  Rendered statuses/new.html.erb within layouts/application (28.3ms)
Completed 500 Internal Server Error in 47ms

ActionView::Template::Error (undefined method `name' for #<Status:0x007fa762da0690>):
    13: 
    14:   <div class="field">
    15:     <%= f.label :name %><br />
    16:     <%= f.text_field :name %>
    17:   </div>
    18:   <div class="field">
    19:     <%= f.label :content %><br />
  app/views/statuses/_form.html.erb:16:in `block in _app_views_statuses__form_html_erb__2259364190120163322_70178447071420'
  app/views/statuses/_form.html.erb:1:in `_app_views_statuses__form_html_erb__2259364190120163322_70178447071420'
  app/views/statuses/new.html.erb:3:in `_app_views_statuses_new_html_erb___59679570131961930_70178447218280'


  Rendered /Users/RajatBhageria/.rbenv/versions/2.1.3/lib/ruby/gems/2.1.0/gems/actionpack-4.1.8/lib/action_dispatch/middleware/templates/rescues/_trace.html.erb (1.1ms)
  Rendered /Users/RajatBhageria/.rbenv/versions/2.1.3/lib/ruby/gems/2.1.0/gems/actionpack-4.1.8/lib/action_dispatch/middleware/templates/rescues/_request_and_response.html.erb (0.8ms)
  Rendered /Users/RajatBhageria/.rbenv/versions/2.1.3/lib/ruby/gems/2.1.0/gems/actionpack-4.1.8/lib/action_dispatch/middleware/templates/rescues/template_error.html.erb within rescues/layout (10.4ms)


Started GET "/statuses/" for 127.0.0.1 at 2014-11-29 21:31:20 -0500
Processing by StatusesController#index as HTML
  [1m[35mStatus Load (0.2ms)[0m  SELECT "statuses".* FROM "statuses"
  Rendered statuses/index.html.erb within layouts/application (1.3ms)
Completed 200 OK in 113ms (Views: 112.0ms | ActiveRecord: 0.2ms)


Started GET "/assets/bootstrap-theme.css?body=1" for 127.0.0.1 at 2014-11-29 21:31:20 -0500


Started GET "/stylesheets/bootstrap.css.map.css" for 127.0.0.1 at 2014-11-29 21:31:20 -0500

ActionController::RoutingError (No route matches [GET] "/stylesheets/bootstrap.css.map.css"):
  actionpack (4.1.8) lib/action_dispatch/middleware/debug_exceptions.rb:21:in `call'
  actionpack (4.1.8) lib/action_dispatch/middleware/show_exceptions.rb:30:in `call'
  railties (4.1.8) lib/rails/rack/logger.rb:38:in `call_app'
  railties (4.1.8) lib/rails/rack/logger.rb:20:in `block in call'
  activesupport (4.1.8) lib/active_support/tagged_logging.rb:68:in `block in tagged'
  activesupport (4.1.8) lib/active_support/tagged_logging.rb:26:in `tagged'
  activesupport (4.1.8) lib/active_support/tagged_logging.rb:68:in `tagged'
  railties (4.1.8) lib/rails/rack/logger.rb:20:in `call'
  actionpack (4.1.8) lib/action_dispatch/middleware/request_id.rb:21:in `call'
  rack (1.5.2) lib/rack/methodoverride.rb:21:in `call'
  rack (1.5.2) lib/rack/runtime.rb:17:in `call'
  activesupport (4.1.8) lib/active_support/cache/strategy/local_cache_middleware.rb:26:in `call'
  rack (1.5.2) lib/rack/lock.rb:17:in `call'
  actionpack (4.1.8) lib/action_dispatch/middleware/static.rb:84:in `call'
  rack (1.5.2) lib/rack/sendfile.rb:112:in `call'
  railties (4.1.8) lib/rails/engine.rb:514:in `call'
  railties (4.1.8) lib/rails/application.rb:144:in `call'
  rack (1.5.2) lib/rack/lock.rb:17:in `call'
  rack (1.5.2) lib/rack/content_length.rb:14:in `call'
  rack (1.5.2) lib/rack/handler/webrick.rb:60:in `service'
  /Users/RajatBhageria/.rbenv/versions/2.1.3/lib/ruby/2.1.0/webrick/httpserver.rb:138:in `service'
  /Users/RajatBhageria/.rbenv/versions/2.1.3/lib/ruby/2.1.0/webrick/httpserver.rb:94:in `run'
  /Users/RajatBhageria/.rbenv/versions/2.1.3/lib/ruby/2.1.0/webrick/server.rb:295:in `block in start_thread'


  Rendered /Users/RajatBhageria/.rbenv/versions/2.1.3/lib/ruby/gems/2.1.0/gems/actionpack-4.1.8/lib/action_dispatch/middleware/templates/rescues/_trace.html.erb (0.9ms)
  Rendered /Users/RajatBhageria/.rbenv/versions/2.1.3/lib/ruby/gems/2.1.0/gems/actionpack-4.1.8/lib/action_dispatch/middleware/templates/routes/_route.html.erb (2.0ms)
  Rendered /Users/RajatBhageria/.rbenv/versions/2.1.3/lib/ruby/gems/2.1.0/gems/actionpack-4.1.8/lib/action_dispatch/middleware/templates/routes/_table.html.erb (1.7ms)
  Rendered /Users/RajatBhageria/.rbenv/versions/2.1.3/lib/ruby/gems/2.1.0/gems/actionpack-4.1.8/lib/action_dispatch/middleware/templates/rescues/routing_error.html.erb within rescues/layout (23.7ms)


Started GET "/stylesheets/bootstrap-theme.css.map.css" for 127.0.0.1 at 2014-11-29 21:31:20 -0500

ActionController::RoutingError (No route matches [GET] "/stylesheets/bootstrap-theme.css.map.css"):
  actionpack (4.1.8) lib/action_dispatch/middleware/debug_exceptions.rb:21:in `call'
  actionpack (4.1.8) lib/action_dispatch/middleware/show_exceptions.rb:30:in `call'
  railties (4.1.8) lib/rails/rack/logger.rb:38:in `call_app'
  railties (4.1.8) lib/rails/rack/logger.rb:20:in `block in call'
  activesupport (4.1.8) lib/active_support/tagged_logging.rb:68:in `block in tagged'
  activesupport (4.1.8) lib/active_support/tagged_logging.rb:26:in `tagged'
  activesupport (4.1.8) lib/active_support/tagged_logging.rb:68:in `tagged'
  railties (4.1.8) lib/rails/rack/logger.rb:20:in `call'
  actionpack (4.1.8) lib/action_dispatch/middleware/request_id.rb:21:in `call'
  rack (1.5.2) lib/rack/methodoverride.rb:21:in `call'
  rack (1.5.2) lib/rack/runtime.rb:17:in `call'
  activesupport (4.1.8) lib/active_support/cache/strategy/local_cache_middleware.rb:26:in `call'
  rack (1.5.2) lib/rack/lock.rb:17:in `call'
  actionpack (4.1.8) lib/action_dispatch/middleware/static.rb:84:in `call'
  rack (1.5.2) lib/rack/sendfile.rb:112:in `call'
  railties (4.1.8) lib/rails/engine.rb:514:in `call'
  railties (4.1.8) lib/rails/application.rb:144:in `call'
  rack (1.5.2) lib/rack/lock.rb:17:in `call'
  rack (1.5.2) lib/rack/content_length.rb:14:in `call'
  rack (1.5.2) lib/rack/handler/webrick.rb:60:in `service'
  /Users/RajatBhageria/.rbenv/versions/2.1.3/lib/ruby/2.1.0/webrick/httpserver.rb:138:in `service'
  /Users/RajatBhageria/.rbenv/versions/2.1.3/lib/ruby/2.1.0/webrick/httpserver.rb:94:in `run'
  /Users/RajatBhageria/.rbenv/versions/2.1.3/lib/ruby/2.1.0/webrick/server.rb:295:in `block in start_thread'


  Rendered /Users/RajatBhageria/.rbenv/versions/2.1.3/lib/ruby/gems/2.1.0/gems/actionpack-4.1.8/lib/action_dispatch/middleware/templates/rescues/_trace.html.erb (1.2ms)
  Rendered /Users/RajatBhageria/.rbenv/versions/2.1.3/lib/ruby/gems/2.1.0/gems/actionpack-4.1.8/lib/action_dispatch/middleware/templates/routes/_route.html.erb (2.4ms)
  Rendered /Users/RajatBhageria/.rbenv/versions/2.1.3/lib/ruby/gems/2.1.0/gems/actionpack-4.1.8/lib/action_dispatch/middleware/templates/routes/_table.html.erb (1.6ms)
  Rendered /Users/RajatBhageria/.rbenv/versions/2.1.3/lib/ruby/gems/2.1.0/gems/actionpack-4.1.8/lib/action_dispatch/middleware/templates/rescues/routing_error.html.erb within rescues/layout (29.0ms)


Started GET "/assets/jquery.js?body=1" for 127.0.0.1 at 2014-11-29 21:31:20 -0500


Started GET "/assets/statuses.css?body=1" for 127.0.0.1 at 2014-11-29 21:31:20 -0500


Started GET "/assets/bootstrap.css?body=1" for 127.0.0.1 at 2014-11-29 21:31:20 -0500


Started GET "/assets/scaffolds.css?body=1" for 127.0.0.1 at 2014-11-29 21:31:20 -0500


Started GET "/assets/jquery_ujs.js?body=1" for 127.0.0.1 at 2014-11-29 21:31:20 -0500


Started GET "/statuses/sign_up" for 127.0.0.1 at 2014-11-29 21:31:20 -0500
Processing by StatusesController#show as HTML
  Parameters: {"id"=>"sign_up"}
  [1m[36mStatus Load (0.2ms)[0m  [1mSELECT  "statuses".* FROM "statuses"  WHERE "statuses"."id" = ? LIMIT 1[0m  [["id", 0]]
Completed 404 Not Found in 2ms

ActiveRecord::RecordNotFound (Couldn't find Status with 'id'=sign_up):
  app/controllers/statuses_controller.rb:67:in `set_status'


  Rendered /Users/RajatBhageria/.rbenv/versions/2.1.3/lib/ruby/gems/2.1.0/gems/actionpack-4.1.8/lib/action_dispatch/middleware/templates/rescues/_source.erb (0.6ms)
  Rendered /Users/RajatBhageria/.rbenv/versions/2.1.3/lib/ruby/gems/2.1.0/gems/actionpack-4.1.8/lib/action_dispatch/middleware/templates/rescues/_trace.html.erb (1.1ms)
  Rendered /Users/RajatBhageria/.rbenv/versions/2.1.3/lib/ruby/gems/2.1.0/gems/actionpack-4.1.8/lib/action_dispatch/middleware/templates/rescues/_request_and_response.html.erb (0.8ms)
  Rendered /Users/RajatBhageria/.rbenv/versions/2.1.3/lib/ruby/gems/2.1.0/gems/actionpack-4.1.8/lib/action_dispatch/middleware/templates/rescues/diagnostics.erb within rescues/layout (15.3ms)


Started GET "/statuses/sign-up" for 127.0.0.1 at 2014-11-29 21:31:22 -0500
Processing by StatusesController#show as HTML
  Parameters: {"id"=>"sign-up"}
  [1m[35mStatus Load (0.1ms)[0m  SELECT  "statuses".* FROM "statuses"  WHERE "statuses"."id" = ? LIMIT 1  [["id", 0]]
Completed 404 Not Found in 1ms

ActiveRecord::RecordNotFound (Couldn't find Status with 'id'=sign-up):
  app/controllers/statuses_controller.rb:67:in `set_status'


  Rendered /Users/RajatBhageria/.rbenv/versions/2.1.3/lib/ruby/gems/2.1.0/gems/actionpack-4.1.8/lib/action_dispatch/middleware/templates/rescues/_source.erb (0.6ms)
  Rendered /Users/RajatBhageria/.rbenv/versions/2.1.3/lib/ruby/gems/2.1.0/gems/actionpack-4.1.8/lib/action_dispatch/middleware/templates/rescues/_trace.html.erb (1.1ms)
  Rendered /Users/RajatBhageria/.rbenv/versions/2.1.3/lib/ruby/gems/2.1.0/gems/actionpack-4.1.8/lib/action_dispatch/middleware/templates/rescues/_request_and_response.html.erb (1.2ms)
  Rendered /Users/RajatBhageria/.rbenv/versions/2.1.3/lib/ruby/gems/2.1.0/gems/actionpack-4.1.8/lib/action_dispatch/middleware/templates/rescues/diagnostics.erb within rescues/layout (16.2ms)


Started GET "/statuses/sign-up" for 127.0.0.1 at 2014-11-29 21:34:41 -0500
Processing by StatusesController#show as HTML
  Parameters: {"id"=>"sign-up"}
  [1m[36mStatus Load (0.1ms)[0m  [1mSELECT  "statuses".* FROM "statuses"  WHERE "statuses"."id" = ? LIMIT 1[0m  [["id", 0]]
Completed 404 Not Found in 1ms

ActiveRecord::RecordNotFound (Couldn't find Status with 'id'=sign-up):
  app/controllers/statuses_controller.rb:67:in `set_status'


  Rendered /Users/RajatBhageria/.rbenv/versions/2.1.3/lib/ruby/gems/2.1.0/gems/actionpack-4.1.8/lib/action_dispatch/middleware/templates/rescues/_source.erb (0.5ms)
  Rendered /Users/RajatBhageria/.rbenv/versions/2.1.3/lib/ruby/gems/2.1.0/gems/actionpack-4.1.8/lib/action_dispatch/middleware/templates/rescues/_trace.html.erb (1.0ms)
  Rendered /Users/RajatBhageria/.rbenv/versions/2.1.3/lib/ruby/gems/2.1.0/gems/actionpack-4.1.8/lib/action_dispatch/middleware/templates/rescues/_request_and_response.html.erb (1.1ms)
  Rendered /Users/RajatBhageria/.rbenv/versions/2.1.3/lib/ruby/gems/2.1.0/gems/actionpack-4.1.8/lib/action_dispatch/middleware/templates/rescues/diagnostics.erb within rescues/layout (15.9ms)


Started GET "/" for 127.0.0.1 at 2014-11-29 21:34:46 -0500
Processing by StatusesController#index as HTML
  [1m[35mStatus Load (0.1ms)[0m  SELECT "statuses".* FROM "statuses"
  Rendered statuses/index.html.erb within layouts/application (0.8ms)
Completed 200 OK in 73ms (Views: 72.6ms | ActiveRecord: 0.1ms)


Started GET "/assets/bootstrap-theme.css?body=1" for 127.0.0.1 at 2014-11-29 21:34:46 -0500


Started GET "/stylesheets/bootstrap.css.map.css" for 127.0.0.1 at 2014-11-29 21:34:46 -0500

ActionController::RoutingError (No route matches [GET] "/stylesheets/bootstrap.css.map.css"):
  actionpack (4.1.8) lib/action_dispatch/middleware/debug_exceptions.rb:21:in `call'
  actionpack (4.1.8) lib/action_dispatch/middleware/show_exceptions.rb:30:in `call'
  railties (4.1.8) lib/rails/rack/logger.rb:38:in `call_app'
  railties (4.1.8) lib/rails/rack/logger.rb:20:in `block in call'
  activesupport (4.1.8) lib/active_support/tagged_logging.rb:68:in `block in tagged'
  activesupport (4.1.8) lib/active_support/tagged_logging.rb:26:in `tagged'
  activesupport (4.1.8) lib/active_support/tagged_logging.rb:68:in `tagged'
  railties (4.1.8) lib/rails/rack/logger.rb:20:in `call'
  actionpack (4.1.8) lib/action_dispatch/middleware/request_id.rb:21:in `call'
  rack (1.5.2) lib/rack/methodoverride.rb:21:in `call'
  rack (1.5.2) lib/rack/runtime.rb:17:in `call'
  activesupport (4.1.8) lib/active_support/cache/strategy/local_cache_middleware.rb:26:in `call'
  rack (1.5.2) lib/rack/lock.rb:17:in `call'
  actionpack (4.1.8) lib/action_dispatch/middleware/static.rb:84:in `call'
  rack (1.5.2) lib/rack/sendfile.rb:112:in `call'
  railties (4.1.8) lib/rails/engine.rb:514:in `call'
  railties (4.1.8) lib/rails/application.rb:144:in `call'
  rack (1.5.2) lib/rack/lock.rb:17:in `call'
  rack (1.5.2) lib/rack/content_length.rb:14:in `call'
  rack (1.5.2) lib/rack/handler/webrick.rb:60:in `service'
  /Users/RajatBhageria/.rbenv/versions/2.1.3/lib/ruby/2.1.0/webrick/httpserver.rb:138:in `service'
  /Users/RajatBhageria/.rbenv/versions/2.1.3/lib/ruby/2.1.0/webrick/httpserver.rb:94:in `run'
  /Users/RajatBhageria/.rbenv/versions/2.1.3/lib/ruby/2.1.0/webrick/server.rb:295:in `block in start_thread'


  Rendered /Users/RajatBhageria/.rbenv/versions/2.1.3/lib/ruby/gems/2.1.0/gems/actionpack-4.1.8/lib/action_dispatch/middleware/templates/rescues/_trace.html.erb (1.3ms)
  Rendered /Users/RajatBhageria/.rbenv/versions/2.1.3/lib/ruby/gems/2.1.0/gems/actionpack-4.1.8/lib/action_dispatch/middleware/templates/routes/_route.html.erb (3.3ms)
  Rendered /Users/RajatBhageria/.rbenv/versions/2.1.3/lib/ruby/gems/2.1.0/gems/actionpack-4.1.8/lib/action_dispatch/middleware/templates/routes/_table.html.erb (1.3ms)
  Rendered /Users/RajatBhageria/.rbenv/versions/2.1.3/lib/ruby/gems/2.1.0/gems/actionpack-4.1.8/lib/action_dispatch/middleware/templates/rescues/routing_error.html.erb within rescues/layout (28.1ms)


Started GET "/assets/scaffolds.css?body=1" for 127.0.0.1 at 2014-11-29 21:34:46 -0500


Started GET "/stylesheets/bootstrap-theme.css.map.css" for 127.0.0.1 at 2014-11-29 21:34:46 -0500

ActionController::RoutingError (No route matches [GET] "/stylesheets/bootstrap-theme.css.map.css"):
  actionpack (4.1.8) lib/action_dispatch/middleware/debug_exceptions.rb:21:in `call'
  actionpack (4.1.8) lib/action_dispatch/middleware/show_exceptions.rb:30:in `call'
  railties (4.1.8) lib/rails/rack/logger.rb:38:in `call_app'
  railties (4.1.8) lib/rails/rack/logger.rb:20:in `block in call'
  activesupport (4.1.8) lib/active_support/tagged_logging.rb:68:in `block in tagged'
  activesupport (4.1.8) lib/active_support/tagged_logging.rb:26:in `tagged'
  activesupport (4.1.8) lib/active_support/tagged_logging.rb:68:in `tagged'
  railties (4.1.8) lib/rails/rack/logger.rb:20:in `call'
  actionpack (4.1.8) lib/action_dispatch/middleware/request_id.rb:21:in `call'
  rack (1.5.2) lib/rack/methodoverride.rb:21:in `call'
  rack (1.5.2) lib/rack/runtime.rb:17:in `call'
  activesupport (4.1.8) lib/active_support/cache/strategy/local_cache_middleware.rb:26:in `call'
  rack (1.5.2) lib/rack/lock.rb:17:in `call'
  actionpack (4.1.8) lib/action_dispatch/middleware/static.rb:84:in `call'
  rack (1.5.2) lib/rack/sendfile.rb:112:in `call'
  railties (4.1.8) lib/rails/engine.rb:514:in `call'
  railties (4.1.8) lib/rails/application.rb:144:in `call'
  rack (1.5.2) lib/rack/lock.rb:17:in `call'
  rack (1.5.2) lib/rack/content_length.rb:14:in `call'
  rack (1.5.2) lib/rack/handler/webrick.rb:60:in `service'
  /Users/RajatBhageria/.rbenv/versions/2.1.3/lib/ruby/2.1.0/webrick/httpserver.rb:138:in `service'
  /Users/RajatBhageria/.rbenv/versions/2.1.3/lib/ruby/2.1.0/webrick/httpserver.rb:94:in `run'
  /Users/RajatBhageria/.rbenv/versions/2.1.3/lib/ruby/2.1.0/webrick/server.rb:295:in `block in start_thread'


  Rendered /Users/RajatBhageria/.rbenv/versions/2.1.3/lib/ruby/gems/2.1.0/gems/actionpack-4.1.8/lib/action_dispatch/middleware/templates/rescues/_trace.html.erb (1.5ms)
  Rendered /Users/RajatBhageria/.rbenv/versions/2.1.3/lib/ruby/gems/2.1.0/gems/actionpack-4.1.8/lib/action_dispatch/middleware/templates/routes/_route.html.erb (2.4ms)
  Rendered /Users/RajatBhageria/.rbenv/versions/2.1.3/lib/ruby/gems/2.1.0/gems/actionpack-4.1.8/lib/action_dispatch/middleware/templates/routes/_table.html.erb (1.1ms)
  Rendered /Users/RajatBhageria/.rbenv/versions/2.1.3/lib/ruby/gems/2.1.0/gems/actionpack-4.1.8/lib/action_dispatch/middleware/templates/rescues/routing_error.html.erb within rescues/layout (31.8ms)


Started GET "/assets/bootstrap.css?body=1" for 127.0.0.1 at 2014-11-29 21:34:46 -0500


Started GET "/assets/statuses.css?body=1" for 127.0.0.1 at 2014-11-29 21:34:46 -0500


Started GET "/assets/application.css?body=1" for 127.0.0.1 at 2014-11-29 21:34:46 -0500


Started GET "/assets/jquery.js?body=1" for 127.0.0.1 at 2014-11-29 21:34:46 -0500


Started GET "/assets/turbolinks.js?body=1" for 127.0.0.1 at 2014-11-29 21:34:46 -0500


Started GET "/assets/statuses.js?body=1" for 127.0.0.1 at 2014-11-29 21:34:46 -0500


Started GET "/assets/application.js?body=1" for 127.0.0.1 at 2014-11-29 21:34:46 -0500


Started GET "/assets/jquery_ujs.js?body=1" for 127.0.0.1 at 2014-11-29 21:34:46 -0500


Started GET "/assets/bootstrap.js?body=1" for 127.0.0.1 at 2014-11-29 21:34:46 -0500


Started GET "/statuses/new" for 127.0.0.1 at 2014-11-29 21:34:47 -0500
Processing by StatusesController#new as HTML
  Rendered statuses/_form.html.erb (2.2ms)
  Rendered statuses/new.html.erb within layouts/application (3.4ms)
Completed 500 Internal Server Error in 7ms

ActionView::Template::Error (undefined method `name' for #<Status:0x007fa762de29f0>):
    13: 
    14:   <div class="field">
    15:     <%= f.label :name %><br />
    16:     <%= f.text_field :name %>
    17:   </div>
    18:   <div class="field">
    19:     <%= f.label :content %><br />
  app/views/statuses/_form.html.erb:16:in `block in _app_views_statuses__form_html_erb__2259364190120163322_70178491255500'
  app/views/statuses/_form.html.erb:1:in `_app_views_statuses__form_html_erb__2259364190120163322_70178491255500'
  app/views/statuses/new.html.erb:3:in `_app_views_statuses_new_html_erb___59679570131961930_70178491293480'


  Rendered /Users/RajatBhageria/.rbenv/versions/2.1.3/lib/ruby/gems/2.1.0/gems/actionpack-4.1.8/lib/action_dispatch/middleware/templates/rescues/_trace.html.erb (1.1ms)
  Rendered /Users/RajatBhageria/.rbenv/versions/2.1.3/lib/ruby/gems/2.1.0/gems/actionpack-4.1.8/lib/action_dispatch/middleware/templates/rescues/_request_and_response.html.erb (1.0ms)
  Rendered /Users/RajatBhageria/.rbenv/versions/2.1.3/lib/ruby/gems/2.1.0/gems/actionpack-4.1.8/lib/action_dispatch/middleware/templates/rescues/template_error.html.erb within rescues/layout (11.0ms)


Started GET "/statuses/new" for 127.0.0.1 at 2014-11-29 21:34:47 -0500
Processing by StatusesController#new as HTML
  Rendered statuses/_form.html.erb (1.6ms)
  Rendered statuses/new.html.erb within layouts/application (2.3ms)
Completed 500 Internal Server Error in 5ms

ActionView::Template::Error (undefined method `name' for #<Status:0x007fa762d92158>):
    13: 
    14:   <div class="field">
    15:     <%= f.label :name %><br />
    16:     <%= f.text_field :name %>
    17:   </div>
    18:   <div class="field">
    19:     <%= f.label :content %><br />
  app/views/statuses/_form.html.erb:16:in `block in _app_views_statuses__form_html_erb__2259364190120163322_70178447071420'
  app/views/statuses/_form.html.erb:1:in `_app_views_statuses__form_html_erb__2259364190120163322_70178447071420'
  app/views/statuses/new.html.erb:3:in `_app_views_statuses_new_html_erb___59679570131961930_70178447218280'


  Rendered /Users/RajatBhageria/.rbenv/versions/2.1.3/lib/ruby/gems/2.1.0/gems/actionpack-4.1.8/lib/action_dispatch/middleware/templates/rescues/_trace.html.erb (1.3ms)
  Rendered /Users/RajatBhageria/.rbenv/versions/2.1.3/lib/ruby/gems/2.1.0/gems/actionpack-4.1.8/lib/action_dispatch/middleware/templates/rescues/_request_and_response.html.erb (1.1ms)
  Rendered /Users/RajatBhageria/.rbenv/versions/2.1.3/lib/ruby/gems/2.1.0/gems/actionpack-4.1.8/lib/action_dispatch/middleware/templates/rescues/template_error.html.erb within rescues/layout (11.8ms)
  [1m[36mActiveRecord::SchemaMigration Load (0.1ms)[0m  [1mSELECT "schema_migrations".* FROM "schema_migrations"[0m
  [1m[35mActiveRecord::SchemaMigration Load (0.1ms)[0m  SELECT "schema_migrations".* FROM "schema_migrations"
  [1m[36m (0.1ms)[0m  [1m            SELECT sql
            FROM sqlite_master
            WHERE name='index_statuses_on_user_id' AND type='index'
            UNION ALL
            SELECT sql
            FROM sqlite_temp_master
            WHERE name='index_statuses_on_user_id' AND type='index'
[0m
  [1m[35m (0.1ms)[0m              SELECT sql
            FROM sqlite_master
            WHERE name='index_users_on_reset_password_token' AND type='index'
            UNION ALL
            SELECT sql
            FROM sqlite_temp_master
            WHERE name='index_users_on_reset_password_token' AND type='index'

  [1m[36m (0.1ms)[0m  [1m            SELECT sql
            FROM sqlite_master
            WHERE name='index_users_on_email' AND type='index'
            UNION ALL
            SELECT sql
            FROM sqlite_temp_master
            WHERE name='index_users_on_email' AND type='index'
[0m


Started GET "/statuses/new" for 127.0.0.1 at 2014-11-29 21:39:32 -0500
  [1m[36mActiveRecord::SchemaMigration Load (0.1ms)[0m  [1mSELECT "schema_migrations".* FROM "schema_migrations"[0m
Processing by StatusesController#new as HTML
  Rendered statuses/_form.html.erb (23.0ms)
  Rendered statuses/new.html.erb within layouts/application (27.4ms)
Completed 500 Internal Server Error in 44ms

ActionView::Template::Error (undefined method `name' for #<Status:0x007fe1674e4918>):
    13: 
    14:   <div class="field">
    15:     <%= f.label :name %><br />
    16:    <!-- <%= f.text_field :name %> -->
    17:   </div>
    18:   <div class="field">
    19:     <%= f.label :content %><br />
  app/views/statuses/_form.html.erb:16:in `block in _app_views_statuses__form_html_erb__2675830023261936627_70303038487240'
  app/views/statuses/_form.html.erb:1:in `_app_views_statuses__form_html_erb__2675830023261936627_70303038487240'
  app/views/statuses/new.html.erb:3:in `_app_views_statuses_new_html_erb__3022182106817716067_70303038633960'


  Rendered /Users/RajatBhageria/.rbenv/versions/2.1.3/lib/ruby/gems/2.1.0/gems/actionpack-4.1.8/lib/action_dispatch/middleware/templates/rescues/_trace.html.erb (1.1ms)
  Rendered /Users/RajatBhageria/.rbenv/versions/2.1.3/lib/ruby/gems/2.1.0/gems/actionpack-4.1.8/lib/action_dispatch/middleware/templates/rescues/_request_and_response.html.erb (0.8ms)
  Rendered /Users/RajatBhageria/.rbenv/versions/2.1.3/lib/ruby/gems/2.1.0/gems/actionpack-4.1.8/lib/action_dispatch/middleware/templates/rescues/template_error.html.erb within rescues/layout (11.3ms)


Started GET "/statuses/new" for 127.0.0.1 at 2014-11-29 21:39:37 -0500
Processing by StatusesController#new as HTML
  Rendered statuses/_form.html.erb (1.8ms)
  Rendered statuses/new.html.erb within layouts/application (2.5ms)
Completed 500 Internal Server Error in 6ms

ActionView::Template::Error (undefined method `name' for #<Status:0x007fe1670b72a0>):
    13: 
    14:   <div class="field">
    15:     <%= f.label :name %><br />
    16:    <!-- <%= f.text_field :name %> -->
    17:   </div>
    18:   <div class="field">
    19:     <%= f.label :content %><br />
  app/views/statuses/_form.html.erb:16:in `block in _app_views_statuses__form_html_erb__2675830023261936627_70303038487240'
  app/views/statuses/_form.html.erb:1:in `_app_views_statuses__form_html_erb__2675830023261936627_70303038487240'
  app/views/statuses/new.html.erb:3:in `_app_views_statuses_new_html_erb__3022182106817716067_70303038633960'


  Rendered /Users/RajatBhageria/.rbenv/versions/2.1.3/lib/ruby/gems/2.1.0/gems/actionpack-4.1.8/lib/action_dispatch/middleware/templates/rescues/_trace.html.erb (1.3ms)
  Rendered /Users/RajatBhageria/.rbenv/versions/2.1.3/lib/ruby/gems/2.1.0/gems/actionpack-4.1.8/lib/action_dispatch/middleware/templates/rescues/_request_and_response.html.erb (0.9ms)
  Rendered /Users/RajatBhageria/.rbenv/versions/2.1.3/lib/ruby/gems/2.1.0/gems/actionpack-4.1.8/lib/action_dispatch/middleware/templates/rescues/template_error.html.erb within rescues/layout (11.0ms)


Started GET "/statuses/new" for 127.0.0.1 at 2014-11-29 21:39:46 -0500
Processing by StatusesController#new as HTML
  Rendered statuses/_form.html.erb (2.6ms)
  Rendered statuses/new.html.erb within layouts/application (3.3ms)
Completed 500 Internal Server Error in 5ms

ActionView::Template::Error (undefined method `name' for #<Status:0x007fe1625a8688>):
    13: 
    14:   <div class="field">
    15:     <%= f.label :name %><br />
    16:     <%= f.text_field :name %>
    17:   </div>
    18:   <div class="field">
    19:     <%= f.label :content %><br />
  app/views/statuses/_form.html.erb:16:in `block in _app_views_statuses__form_html_erb__2675830023261936627_70302997184740'
  app/views/statuses/_form.html.erb:1:in `_app_views_statuses__form_html_erb__2675830023261936627_70302997184740'
  app/views/statuses/new.html.erb:3:in `_app_views_statuses_new_html_erb__3022182106817716067_70303038633960'


  Rendered /Users/RajatBhageria/.rbenv/versions/2.1.3/lib/ruby/gems/2.1.0/gems/actionpack-4.1.8/lib/action_dispatch/middleware/templates/rescues/_trace.html.erb (1.7ms)
  Rendered /Users/RajatBhageria/.rbenv/versions/2.1.3/lib/ruby/gems/2.1.0/gems/actionpack-4.1.8/lib/action_dispatch/middleware/templates/rescues/_request_and_response.html.erb (2.2ms)
  Rendered /Users/RajatBhageria/.rbenv/versions/2.1.3/lib/ruby/gems/2.1.0/gems/actionpack-4.1.8/lib/action_dispatch/middleware/templates/rescues/template_error.html.erb within rescues/layout (22.5ms)
